<?xml version="1.0" encoding="UTF-8"?>
<!-- Generated by org.testng.reporters.JUnitXMLReporter -->
<testsuite ignored="1" hostname="Bharani" failures="0" tests="2" name="Default test" time="0.048" errors="0" timestamp="2022-10-28T17:18:15 IST">
  <testcase classname="testng.Test1" name="calls" time="0.009"/>
  <testcase classname="testng.Test1" name="chats" time="0.001"/>
  <testcase classname="testng.Test1" name="settings" time="0.0">
    <ignored/>
  </testcase> <!-- settings -->
</testsuite> <!-- Default test -->
