<?xml version="1.0" encoding="UTF-8"?>
<testng-results ignored="0" total="1" passed="1" failed="0" skipped="0">
  <reporter-output>
    <line>
      <![CDATA[actiTIME - Login]]>
    </line>
    <line>
      <![CDATA[https://demo.actitime.com/login.do]]>
    </line>
  </reporter-output>
  <suite started-at="2022-10-30T09:12:20 IST" name="Failed suite [Suite]" finished-at="2022-10-30T09:12:28 IST" duration-ms="8169">
    <groups>
    </groups>
    <test started-at="2022-10-30T09:12:20 IST" name="Test(failed)" finished-at="2022-10-30T09:12:28 IST" duration-ms="8169">
      <class name="testng.Testcase1">
        <test-method is-config="true" signature="openApp()[pri:0, instance:testng.Testcase1@11bd0f3b]" started-at="2022-10-30T09:12:20 IST" name="openApp" finished-at="2022-10-30T09:12:28 IST" duration-ms="7598" status="PASS">
          <reporter-output>
          </reporter-output>
        </test-method> <!-- openApp -->
        <test-method signature="tc1()[pri:0, instance:testng.Testcase1@11bd0f3b]" started-at="2022-10-30T09:12:28 IST" name="tc1" finished-at="2022-10-30T09:12:28 IST" duration-ms="317" status="PASS">
          <reporter-output>
            <line>
              <![CDATA[actiTIME - Login]]>
            </line>
            <line>
              <![CDATA[https://demo.actitime.com/login.do]]>
            </line>
          </reporter-output>
        </test-method> <!-- tc1 -->
        <test-method is-config="true" signature="closeApp()[pri:0, instance:testng.Testcase1@11bd0f3b]" started-at="2022-10-30T09:12:28 IST" name="closeApp" finished-at="2022-10-30T09:12:28 IST" duration-ms="203" status="PASS">
          <reporter-output>
          </reporter-output>
        </test-method> <!-- closeApp -->
      </class> <!-- testng.Testcase1 -->
    </test> <!-- Test(failed) -->
  </suite> <!-- Failed suite [Suite] -->
</testng-results>
