<?xml version="1.0" encoding="UTF-8"?>
<testng-results ignored="1" total="3" passed="2" failed="0" skipped="0">
  <reporter-output>
    <line>
      <![CDATA[calls]]>
    </line>
    <line>
      <![CDATA[chats]]>
    </line>
  </reporter-output>
  <suite started-at="2022-10-28T17:18:15 IST" name="Default suite" finished-at="2022-10-28T17:18:15 IST" duration-ms="48">
    <groups>
    </groups>
    <test started-at="2022-10-28T17:18:15 IST" name="Default test" finished-at="2022-10-28T17:18:15 IST" duration-ms="48">
      <class name="testng.Test1">
        <test-method signature="calls()[pri:-1, instance:testng.Test1@770d3326]" started-at="2022-10-28T17:18:15 IST" name="calls" finished-at="2022-10-28T17:18:15 IST" duration-ms="9" status="PASS">
          <reporter-output>
            <line>
              <![CDATA[calls]]>
            </line>
          </reporter-output>
        </test-method> <!-- calls -->
        <test-method signature="chats()[pri:1, instance:testng.Test1@770d3326]" started-at="2022-10-28T17:18:15 IST" name="chats" finished-at="2022-10-28T17:18:15 IST" duration-ms="1" status="PASS">
          <reporter-output>
            <line>
              <![CDATA[chats]]>
            </line>
          </reporter-output>
        </test-method> <!-- chats -->
      </class> <!-- testng.Test1 -->
    </test> <!-- Default test -->
  </suite> <!-- Default suite -->
</testng-results>
